Arguments: 
  C:\Program Files\nodejs\node.exe C:\Users\PC3020\AppData\Roaming\npm\node_modules\yarn\bin\yarn.js add styled-components

PATH: 
  C:\Python39\Scripts\;C:\Python39\;C:\Program Files\Microsoft MPI\Bin\;C:\TwinCAT\Common64;C:\TwinCAT\Common32;C:\WINDOWS\system32;C:\WINDOWS;C:\WINDOWS\System32\Wbem;C:\WINDOWS\System32\WindowsPowerShell\v1.0\;C:\WINDOWS\System32\OpenSSH\;C:\Program Files\Intel\WiFi\bin\;C:\Program Files\Common Files\Intel\WirelessCommon\;C:\Program Files\dotnet\;C:\Program Files (x86)\Microsoft SQL Server\140\Tools\Binn\;C:\Program Files\Microsoft SQL Server\140\Tools\Binn\;C:\Program Files (x86)\Microsoft SQL Server\140\DTS\Binn\;C:\Program Files\Microsoft SQL Server\140\DTS\Binn\;C:\Program Files\Microsoft SQL Server\Client SDK\ODBC\130\Tools\Binn\;C:\Program Files (x86)\Microsoft SQL Server\150\DTS\Binn\;C:\Program Files\Git\cmd;C:\Program Files\Microsoft SQL Server\130\Tools\Binn\;C:\Program Files\Microsoft SQL Server\Client SDK\ODBC\170\Tools\Binn\;C:\Program Files\nodejs\;C:\ProgramData\chocolatey\bin;C:\Program Files (x86)\dotnet\;C:\Program Files (x86)\Common Files\MatrikonOPC\Common;C:\Program Files\Azure Data Studio\bin;C:\Users\PC3020\AppData\Local\Microsoft\WindowsApps;C:\Program Files\Azure Data Studio\bin;C:\Users\PC3020\.dotnet\tools;C:\Users\PC3020\AppData\Local\Programs\Microsoft VS Code\bin;C:\Users\PC3020\AppData\Roaming\npm;C:\Program Files\Azure Data Studio\bin;C:\Program Files\heroku\bin;C:\Users\PC3020\Neovim\bin

Yarn version: 
  1.22.11

Node version: 
  14.16.1

Platform: 
  win32 x64

Trace: 
  Error: EPERM: operation not permitted, unlink 'C:\Users\PC3020\Neovim\bin\repos\blog\node_modules\bcrypt\lib\binding\napi-v3\bcrypt_lib.node'

npm manifest: 
  {
      "name": "backend",
      "version": "1.0.0",
      "description": "",
      "main": "server.js",
      "scripts": {
          "start": "nodemon server.js",
          "heroku-postbuild": "NPM_CONFIG_PRODUCTION=false npm install --prefix client && npm run build --prefix client"
      },
      "author": "",
      "license": "ISC",
      "dependencies": {
          "bcrypt": "^5.0.1",
          "cors": "^2.8.5",
          "dotenv": "^10.0.0",
          "express": "^4.17.1",
          "googleapis": "^89.0.0",
          "mongodb": "^4.1.2",
          "mongoose": "^6.0.8",
          "multer": "^1.4.3",
          "nodemon": "^2.0.13",
          "path": "^0.12.7",
          "streamifier": "^0.1.1"
      }
  }

yarn manifest: 
  No manifest

Lockfile: 
  No lockfile
